<?xml version="1.0" encoding="UTF-8"?>
<!-- Generated by org.testng.reporters.JUnitXMLReporter -->
<testsuite ignored="0" hostname="DESKTOP-EULJV3S" failures="0" tests="3" name="Default test" time="0.102" errors="0" timestamp="2024-01-25T15:41:30 IST">
  <testcase classname="com.test.jenkenipracticeTest" name="aTest" time="0.012"/>
  <testcase classname="com.test.jenkenipracticeTest" name="aTest1" time="0.003"/>
  <testcase classname="com.test.jenkenipracticeTest" name="aTest2" time="0.002"/>
</testsuite> <!-- Default test -->
