<?xml version="1.0" encoding="UTF-8"?>
<!-- Generated by org.testng.reporters.JUnitXMLReporter -->
<testsuite ignored="1" hostname="DESKTOP-EULJV3S" failures="0" tests="2" name="Test" time="0.113" errors="0" timestamp="2024-04-22T17:37:09 IST">
  <testcase classname="jenkins12.JenkinPracticeTest" name="sachinTest" time="0.016"/>
  <testcase classname="jenkins12.JenkinPracticeTest" name="sachinTest2" time="0.004"/>
  <testcase classname="jenkins12.JenkinPracticeTest" name="sachinTest1" time="0.0">
    <ignored/>
  </testcase> <!-- sachinTest1 -->
</testsuite> <!-- Test -->
