<?xml version="1.0" encoding="UTF-8"?>
<!-- Generated by org.testng.reporters.JUnitXMLReporter -->
<testsuite ignored="3" hostname="DESKTOP-EULJV3S" failures="0" tests="1" name="Test" time="0.091" errors="0" timestamp="2024-01-25T16:17:17 IST">
  <testcase classname="com.test.jenkenipracticeTest" name="aTest3" time="0.02"/>
  <testcase classname="com.test.jenkenipracticeTest" name="aTest1" time="0.0">
    <ignored/>
  </testcase> <!-- aTest1 -->
  <testcase classname="com.test.jenkenipracticeTest" name="aTest2" time="0.0">
    <ignored/>
  </testcase> <!-- aTest2 -->
  <testcase classname="com.test.jenkenipracticeTest" name="aTest" time="0.0">
    <ignored/>
  </testcase> <!-- aTest -->
</testsuite> <!-- Test -->
