<?xml version="1.0" encoding="UTF-8"?>
<testng-results ignored="1" total="3" passed="2" failed="0" skipped="0">
  <reporter-output>
  </reporter-output>
  <suite started-at="2024-04-22T17:37:09 IST" name="Suite" finished-at="2024-04-22T17:37:09 IST" duration-ms="113">
    <groups>
      <group name="smoke">
        <method signature="JenkinPracticeTest.sachinTest()[pri:0, instance:jenkins12.JenkinPracticeTest@576d5deb]" name="sachinTest" class="jenkins12.JenkinPracticeTest"/>
        <method signature="JenkinPracticeTest.sachinTest2()[pri:0, instance:jenkins12.JenkinPracticeTest@576d5deb]" name="sachinTest2" class="jenkins12.JenkinPracticeTest"/>
      </group> <!-- smoke -->
    </groups>
    <test started-at="2024-04-22T17:37:09 IST" name="Test" finished-at="2024-04-22T17:37:09 IST" duration-ms="113">
      <class name="jenkins12.JenkinPracticeTest">
        <test-method signature="sachinTest()[pri:0, instance:jenkins12.JenkinPracticeTest@576d5deb]" started-at="2024-04-22T17:37:09 IST" name="sachinTest" finished-at="2024-04-22T17:37:09 IST" duration-ms="16" status="PASS">
          <reporter-output>
          </reporter-output>
        </test-method> <!-- sachinTest -->
        <test-method signature="sachinTest2()[pri:0, instance:jenkins12.JenkinPracticeTest@576d5deb]" started-at="2024-04-22T17:37:09 IST" name="sachinTest2" finished-at="2024-04-22T17:37:09 IST" duration-ms="4" status="PASS">
          <reporter-output>
          </reporter-output>
        </test-method> <!-- sachinTest2 -->
      </class> <!-- jenkins12.JenkinPracticeTest -->
    </test> <!-- Test -->
  </suite> <!-- Suite -->
</testng-results>
