<?xml version="1.0" encoding="UTF-8"?>
<testng-results ignored="3" total="4" passed="1" failed="0" skipped="0">
  <reporter-output>
    <line>
      <![CDATA[ok iam regression 2]]>
    </line>
  </reporter-output>
  <suite started-at="2024-01-25T16:17:17 IST" name="Suite" finished-at="2024-01-25T16:17:17 IST" duration-ms="91">
    <groups>
      <group name="regression">
        <method signature="jenkenipracticeTest.aTest3()[pri:0, instance:com.test.jenkenipracticeTest@35aea049]" name="aTest3" class="com.test.jenkenipracticeTest"/>
      </group> <!-- regression -->
    </groups>
    <test started-at="2024-01-25T16:17:17 IST" name="Test" finished-at="2024-01-25T16:17:17 IST" duration-ms="91">
      <class name="com.test.jenkenipracticeTest">
        <test-method signature="aTest3()[pri:0, instance:com.test.jenkenipracticeTest@35aea049]" started-at="2024-01-25T16:17:17 IST" name="aTest3" finished-at="2024-01-25T16:17:17 IST" duration-ms="20" status="PASS">
          <reporter-output>
            <line>
              <![CDATA[ok iam regression 2]]>
            </line>
          </reporter-output>
        </test-method> <!-- aTest3 -->
      </class> <!-- com.test.jenkenipracticeTest -->
    </test> <!-- Test -->
  </suite> <!-- Suite -->
</testng-results>
