<?xml version="1.0" encoding="UTF-8"?>
<!-- Generated by org.testng.reporters.JUnitXMLReporter -->
<testsuite ignored="1" hostname="DESKTOP-EULJV3S" failures="0" tests="2" name="Test" time="0.101" errors="0" timestamp="2024-01-25T15:39:13 IST">
  <testcase classname="com.test.jenkenipracticeTest" name="aTest1" time="0.017"/>
  <testcase classname="com.test.jenkenipracticeTest" name="aTest2" time="0.004"/>
  <testcase classname="com.test.jenkenipracticeTest" name="aTest" time="0.0">
    <ignored/>
  </testcase> <!-- aTest -->
</testsuite> <!-- Test -->
